2023-08-09 16:19:51 INFO  Log:11 - =====================================loginTest TEST STARTED=========================================
2023-08-09 16:19:53 INFO  Log:22 - user is going to click on SignIn
2023-08-09 16:20:00 INFO  Log:22 - Enter Username and Password
2023-08-09 16:20:08 INFO  Log:22 - Verifying if user is able to login
2023-08-09 16:20:08 INFO  Log:22 - Login is Sucess
2023-08-09 16:20:08 INFO  Log:15 - =====================================loginTest TEST ENDED=========================================
2023-08-09 16:26:09 INFO  Log:11 - =====================================loginTest TEST STARTED=========================================
2023-08-09 16:26:09 INFO  Log:22 - user is going to click on SignIn
2023-08-09 16:26:13 INFO  Log:22 - Enter Username and Password
2023-08-09 16:26:18 INFO  Log:22 - Verifying if user is able to login
2023-08-09 16:26:18 INFO  Log:22 - Login is Sucess
2023-08-09 16:26:18 INFO  Log:15 - =====================================loginTest TEST ENDED=========================================
2023-08-09 16:33:16 INFO  Log:11 - =====================================verifyLogo TEST STARTED=========================================
2023-08-09 16:33:18 INFO  Log:15 - =====================================verifyLogo TEST ENDED=========================================
2023-08-09 16:33:34 INFO  Log:11 - =====================================verifyTitle TEST STARTED=========================================
2023-08-09 16:35:12 INFO  Log:11 - =====================================verifyLogo TEST STARTED=========================================
2023-08-09 16:35:12 INFO  Log:15 - =====================================verifyLogo TEST ENDED=========================================
2023-08-09 16:35:29 INFO  Log:11 - =====================================verifyTitle TEST STARTED=========================================
2023-08-09 16:35:29 INFO  Log:15 - =====================================verifyTitle TEST ENDED=========================================
2023-08-09 16:39:26 INFO  Log:11 - =====================================orderHistoryandDetailsTest TEST STARTED=========================================
2023-08-09 16:39:38 INFO  Log:15 - =====================================orderHistoryandDetailsTest TEST ENDED=========================================
2023-08-09 16:39:56 INFO  Log:11 - =====================================wishListTest TEST STARTED=========================================
2023-08-09 16:51:49 INFO  Log:11 - =====================================wishListTest TEST STARTED=========================================
2023-08-09 16:52:18 INFO  Log:15 - =====================================MyCreditSlip TEST ENDED=========================================
2023-08-09 16:52:53 INFO  Log:11 - =====================================orderHistoryandDetailsTest TEST STARTED=========================================
2023-08-09 16:53:13 INFO  Log:15 - =====================================orderHistoryandDetailsTest TEST ENDED=========================================
2023-08-09 16:59:09 INFO  Log:11 - =====================================createAccountTest TEST STARTED=========================================
2023-08-09 16:59:54 INFO  Log:11 - =====================================createAccountTest TEST STARTED=========================================
2023-08-09 17:00:25 INFO  Log:11 - =====================================createAccountTest TEST STARTED=========================================
2023-08-09 17:00:55 INFO  Log:11 - =====================================verifyCreateAccountPageTest TEST STARTED=========================================
2023-08-09 17:01:03 INFO  Log:15 - =====================================verifyCreateAccountPageTest TEST ENDED=========================================
2023-08-09 17:06:04 INFO  Log:11 - =====================================createAccountTest TEST STARTED=========================================
2023-08-09 17:07:58 INFO  Log:11 - =====================================createAccountTest TEST STARTED=========================================
2023-08-09 18:10:38 INFO  Log:11 - =====================================createAccountTest TEST STARTED=========================================
2023-08-09 18:10:54 INFO  Log:15 - =====================================createAccountTest TEST ENDED=========================================
2023-08-09 18:11:09 INFO  Log:11 - =====================================createAccountTest TEST STARTED=========================================
2023-08-09 18:11:18 INFO  Log:15 - =====================================createAccountTest TEST ENDED=========================================
2023-08-09 18:11:33 INFO  Log:11 - =====================================createAccountTest TEST STARTED=========================================
2023-08-09 18:11:46 INFO  Log:15 - =====================================createAccountTest TEST ENDED=========================================
2023-08-09 18:12:00 INFO  Log:11 - =====================================verifyCreateAccountPageTest TEST STARTED=========================================
2023-08-09 18:12:04 INFO  Log:15 - =====================================verifyCreateAccountPageTest TEST ENDED=========================================
2023-08-09 18:17:31 INFO  Log:11 - =====================================addToCartTest TEST STARTED=========================================
2023-08-09 18:29:28 INFO  Log:11 - =====================================addToCartTest TEST STARTED=========================================
2023-08-09 18:33:33 INFO  Log:11 - =====================================addToCartTest TEST STARTED=========================================
2023-08-09 18:36:06 INFO  Log:11 - =====================================addToCartTest TEST STARTED=========================================
2023-08-09 18:38:53 INFO  Log:11 - =====================================addToCartTest TEST STARTED=========================================
2023-08-09 19:26:26 INFO  Log:11 - =====================================addToCartTest TEST STARTED=========================================
2023-08-09 19:30:43 INFO  Log:11 - =====================================addToCartTest TEST STARTED=========================================
2023-08-09 19:33:35 INFO  Log:11 - =====================================addToCartTest TEST STARTED=========================================
2023-08-09 19:40:34 INFO  Log:11 - =====================================verifyTotalPrice TEST STARTED=========================================
2023-08-09 19:45:38 INFO  Log:11 - =====================================productAvailabilityTest TEST STARTED=========================================
2023-08-09 19:45:46 INFO  Log:15 - =====================================productAvailabilityTest TEST ENDED=========================================
2023-08-09 19:47:05 INFO  Log:11 - =====================================endToEndTest TEST STARTED=========================================
